SF:lib\modules\game\data\models\card.model.dart
DA:8,2
DA:14,2
DA:15,2
DA:16,2
DA:17,2
DA:18,2
DA:22,2
DA:23,2
DA:24,2
DA:25,2
DA:26,2
LF:11
LH:11
end_of_record
SF:lib\modules\game\data\models\deck.model.dart
DA:7,2
DA:12,2
DA:13,2
DA:14,2
DA:15,2
DA:19,2
DA:20,2
DA:21,2
DA:22,2
LF:9
LH:9
end_of_record
SF:lib\modules\game\domain\entities\card.entity.dart
DA:6,6
DA:12,3
DA:13,3
DA:20,12
LF:4
LH:4
end_of_record
SF:lib\modules\game\domain\entities\deck.entity.dart
DA:5,7
LF:1
LH:1
end_of_record
SF:lib\modules\game\domain\entities\game.entity.dart
DA:12,3
LF:1
LH:1
end_of_record
SF:lib\modules\game\domain\entities\player.entity.dart
DA:7,5
DA:12,2
DA:13,2
DA:14,2
DA:16,2
DA:19,2
DA:20,10
DA:23,2
DA:24,12
DA:27,2
DA:28,4
DA:29,2
DA:30,2
LF:13
LH:13
end_of_record
SF:lib\modules\game\data\repositories\card_repository_impl.dart
DA:10,1
DA:14,1
DA:20,1
DA:22,1
DA:24,2
DA:26,3
DA:27,3
LF:7
LH:7
end_of_record
SF:lib\modules\game\data\repositories\deck_repository_impl.dart
DA:10,1
DA:14,1
DA:19,2
DA:21,2
DA:29,1
DA:34,1
DA:36,2
DA:38,2
LF:8
LH:8
end_of_record
SF:lib\modules\game\domain\usecases\check_game_status.usecase.dart
DA:4,1
DA:7,1
DA:11,1
DA:15,1
DA:19,1
DA:21,1
DA:26,1
DA:29,1
DA:31,1
DA:32,2
DA:33,2
DA:35,1
DA:37,3
DA:39,2
DA:40,1
DA:43,1
DA:44,2
DA:45,2
DA:47,1
DA:49,3
DA:51,2
DA:52,1
DA:58,1
DA:61,4
DA:62,2
DA:64,2
DA:65,2
DA:66,2
DA:67,2
DA:68,2
DA:69,2
DA:70,2
DA:78,1
DA:81,2
DA:82,3
DA:83,2
DA:84,1
DA:90,1
DA:93,5
DA:94,4
DA:95,2
DA:100,1
DA:103,2
DA:106,1
DA:109,2
DA:112,1
DA:115,2
DA:118,1
DA:121,4
DA:122,4
LF:50
LH:50
end_of_record
SF:lib\modules\game\domain\usecases\draw_cards.usecase.dart
DA:7,1
DA:11,1
DA:18,2
DA:20,1
DA:23,3
DA:24,4
LF:6
LH:6
end_of_record
SF:lib\modules\game\domain\usecases\shuffle_deck.usecase.dart
DA:7,1
DA:11,1
DA:15,2
LF:3
LH:3
end_of_record
SF:lib\modules\game\domain\usecases\start_new_game.usecase.dart
DA:7,1
DA:11,1
DA:14,1
DA:15,1
DA:19,2
DA:21,1
DA:26,2
DA:27,2
DA:35,1
DA:38,1
DA:40,2
DA:41,1
DA:42,1
DA:43,1
DA:45,1
DA:49,1
DA:50,1
DA:51,1
DA:52,1
LF:19
LH:19
end_of_record
